<?xml version="1.0" encoding="UTF-8" ?>
<testsuite tests="4" failures="0" name="org.simplity.kernel.util.test.ExpressionTest" time="0.088" errors="1" skipped="0">
  <properties>
[...]
</properties>
  <testcase classname="org.simplity.kernel.util.test.ExpressionTest" name="testRuntimeErrors" time="0.042"/>
  <testcase classname="org.simplity.kernel.util.test.ExpressionTest" name="testInvalids" time="0"/>
  <testcase classname="org.simplity.kernel.util.test.ExpressionTest" name="testValids" time="0.046">
    <error message="String index out of range: -1" type="java.lang.StringIndexOutOfBoundsException">java.lang.StringIndexOutOfBoundsException: String index out of range: -1
	at java.lang.String.&lt;init&gt;(String.java:196)
	at org.simplity.kernel.expr.Expression.&lt;init&gt;(Expression.java:181)
	at org.simplity.kernel.expr.Expression$ExpressionParser.parseSubExpression(Expression.java:675)
	at org.simplity.kernel.expr.Expression$ExpressionParser.parseForOperator(Expression.java:702)
	at org.simplity.kernel.expr.Expression$ExpressionParser.parse(Expression.java:517)
	at org.simplity.kernel.expr.Expression.&lt;init&gt;(Expression.java:158)
	at org.simplity.kernel.util.test.ExpressionTest.testValids(ExpressionTest.java:96)
	at sun.reflect.NativeMethodAccessorImpl.invoke0(Native Method)
	at sun.reflect.NativeMethodAccessorImpl.invoke(NativeMethodAccessorImpl.java:62)
	at sun.reflect.DelegatingMethodAccessorImpl.invoke(DelegatingMethodAccessorImpl.java:43)
	at java.lang.reflect.Method.invoke(Method.java:497)
	at org.junit.runners.model.FrameworkMethod$1.runReflectiveCall(FrameworkMethod.java:45)
	at org.junit.internal.runners.model.ReflectiveCallable.run(ReflectiveCallable.java:15)
	at org.junit.runners.model.FrameworkMethod.invokeExplosively(FrameworkMethod.java:42)
	at org.junit.internal.runners.statements.InvokeMethod.evaluate(InvokeMethod.java:20)
	at org.junit.rules.ExpectedException$ExpectedExceptionStatement.evaluate(ExpectedException.java:110)
	at org.junit.rules.RunRules.evaluate(RunRules.java:18)
	at org.junit.runners.ParentRunner.runLeaf(ParentRunner.java:263)
	at org.junit.runners.BlockJUnit4ClassRunner.runChild(BlockJUnit4ClassRunner.java:68)
	at org.junit.runners.BlockJUnit4ClassRunner.runChild(BlockJUnit4ClassRunner.java:47)
	at org.junit.runners.ParentRunner$3.run(ParentRunner.java:231)
	at org.junit.runners.ParentRunner$1.schedule(ParentRunner.java:60)
	at org.junit.runners.ParentRunner.runChildren(ParentRunner.java:229)
	at org.junit.runners.ParentRunner.access$000(ParentRunner.java:50)
	at org.junit.runners.ParentRunner$2.evaluate(ParentRunner.java:222)
	at org.junit.runners.ParentRunner.run(ParentRunner.java:300)
	at org.apache.maven.surefire.junit4.JUnit4Provider.execute(JUnit4Provider.java:252)
	at org.apache.maven.surefire.junit4.JUnit4Provider.executeTestSet(JUnit4Provider.java:141)
	at org.apache.maven.surefire.junit4.JUnit4Provider.invoke(JUnit4Provider.java:112)
	at sun.reflect.NativeMethodAccessorImpl.invoke0(Native Method)
	at sun.reflect.NativeMethodAccessorImpl.invoke(NativeMethodAccessorImpl.java:62)
	at sun.reflect.DelegatingMethodAccessorImpl.invoke(DelegatingMethodAccessorImpl.java:43)
	at java.lang.reflect.Method.invoke(Method.java:497)
	at org.apache.maven.surefire.util.ReflectionUtils.invokeMethodWithArray(ReflectionUtils.java:189)
	at org.apache.maven.surefire.booter.ProviderFactory$ProviderProxy.invoke(ProviderFactory.java:165)
	at org.apache.maven.surefire.booter.ProviderFactory.invokeProvider(ProviderFactory.java:85)
	at org.apache.maven.surefire.booter.ForkedBooter.runSuitesInProcess(ForkedBooter.java:115)
	at org.apache.maven.surefire.booter.ForkedBooter.main(ForkedBooter.java:75)
</error>
    <system-err>Aug 31, 2016 4:57:30 PM org.simplity.kernel.Tracer trace
INFO: 
GOing to parse a sub-expression starting at 4 for (
</system-err>
  </testcase>
  <testcase classname="org.simplity.kernel.util.test.ExpressionTest" name="testResults" time="0"/>
</testsuite>