<?xml version="1.0" encoding="UTF-8" ?>
<testsuite tests="2" failures="0" name="org.simplity.service.test.ActionsNoDBTest" time="0.379" errors="1" skipped="0">
  <properties>
[...]
</properties>
  <testcase classname="org.simplity.service.test.ActionsNoDBTest" name="setValueTest" time="0.319"/>
  <testcase classname="org.simplity.service.test.ActionsNoDBTest" name="LogicTest" time="0.06">
    <error type="java.lang.NullPointerException">java.lang.NullPointerException
	at org.simplity.tp.InputRecord.getReady(InputRecord.java:276)
	at org.simplity.tp.InputData.getReady(InputData.java:81)
	at org.simplity.tp.Service.getReady(Service.java:366)
	at org.simplity.kernel.comp.ComponentType.getComponentOrNull(ComponentType.java:309)
	at org.simplity.kernel.comp.ComponentManager.getServiceOrNull(ComponentManager.java:114)
	at org.simplity.service.ServiceAgent.executeService(ServiceAgent.java:199)
	at org.simplity.service.test.ActionsNoDBTest.serviceAgentSetup(ActionsNoDBTest.java:102)
	at org.simplity.service.test.ActionsNoDBTest.LogicTest(ActionsNoDBTest.java:122)
	at sun.reflect.NativeMethodAccessorImpl.invoke0(Native Method)
	at sun.reflect.NativeMethodAccessorImpl.invoke(NativeMethodAccessorImpl.java:62)
	at sun.reflect.DelegatingMethodAccessorImpl.invoke(DelegatingMethodAccessorImpl.java:43)
	at java.lang.reflect.Method.invoke(Method.java:497)
	at org.junit.runners.model.FrameworkMethod$1.runReflectiveCall(FrameworkMethod.java:45)
	at org.junit.internal.runners.model.ReflectiveCallable.run(ReflectiveCallable.java:15)
	at org.junit.runners.model.FrameworkMethod.invokeExplosively(FrameworkMethod.java:42)
	at org.junit.internal.runners.statements.InvokeMethod.evaluate(InvokeMethod.java:20)
	at org.junit.internal.runners.statements.RunBefores.evaluate(RunBefores.java:28)
	at org.junit.rules.ExpectedException$ExpectedExceptionStatement.evaluate(ExpectedException.java:110)
	at org.junit.rules.RunRules.evaluate(RunRules.java:18)
	at org.junit.runners.ParentRunner.runLeaf(ParentRunner.java:263)
	at org.junit.runners.BlockJUnit4ClassRunner.runChild(BlockJUnit4ClassRunner.java:68)
	at org.junit.runners.BlockJUnit4ClassRunner.runChild(BlockJUnit4ClassRunner.java:47)
	at org.junit.runners.ParentRunner$3.run(ParentRunner.java:231)
	at org.junit.runners.ParentRunner$1.schedule(ParentRunner.java:60)
	at org.junit.runners.ParentRunner.runChildren(ParentRunner.java:229)
	at org.junit.runners.ParentRunner.access$000(ParentRunner.java:50)
	at org.junit.runners.ParentRunner$2.evaluate(ParentRunner.java:222)
	at org.junit.runners.ParentRunner.run(ParentRunner.java:300)
	at org.apache.maven.surefire.junit4.JUnit4Provider.execute(JUnit4Provider.java:252)
	at org.apache.maven.surefire.junit4.JUnit4Provider.executeTestSet(JUnit4Provider.java:141)
	at org.apache.maven.surefire.junit4.JUnit4Provider.invoke(JUnit4Provider.java:112)
	at sun.reflect.NativeMethodAccessorImpl.invoke0(Native Method)
	at sun.reflect.NativeMethodAccessorImpl.invoke(NativeMethodAccessorImpl.java:62)
	at sun.reflect.DelegatingMethodAccessorImpl.invoke(DelegatingMethodAccessorImpl.java:43)
	at java.lang.reflect.Method.invoke(Method.java:497)
	at org.apache.maven.surefire.util.ReflectionUtils.invokeMethodWithArray(ReflectionUtils.java:189)
	at org.apache.maven.surefire.booter.ProviderFactory$ProviderProxy.invoke(ProviderFactory.java:165)
	at org.apache.maven.surefire.booter.ProviderFactory.invokeProvider(ProviderFactory.java:85)
	at org.apache.maven.surefire.booter.ForkedBooter.runSuitesInProcess(ForkedBooter.java:115)
	at org.apache.maven.surefire.booter.ForkedBooter.main(ForkedBooter.java:75)
</error>
    <system-err>Aug 30, 2016 12:25:16 PM org.simplity.kernel.Tracer trace
INFO: 
component folder set to resources/comp/
Aug 30, 2016 12:25:16 PM org.simplity.kernel.Tracer trace
INFO: 
Going to load a component from resources/comp/applicationNoDB.xml
Aug 30, 2016 12:25:16 PM org.simplity.kernel.Tracer trace
INFO: 
This Application has not set dbVendor. We assume that the application does not require any db connection.
Aug 30, 2016 12:25:16 PM org.simplity.kernel.Tracer trace
INFO: 
Going to load components from D:\workspace\simplity\kernel\src\test\java\resources\comp\service\list\tutorial.xml
Aug 30, 2016 12:25:16 PM org.simplity.kernel.Tracer trace
INFO: 
1 java class names loaded as services.
Aug 30, 2016 12:25:16 PM org.simplity.kernel.Tracer trace
INFO: 
Going to load components from D:\workspace\simplity\kernel\src\test\java\resources\comp\dt\kernel.xml
Aug 30, 2016 12:25:16 PM org.simplity.kernel.Tracer trace
INFO: 
Going to load components from D:\workspace\simplity\kernel\src\test\java\resources\comp\dt\customfields.xml
Aug 30, 2016 12:25:16 PM org.simplity.kernel.Tracer trace
INFO: 
38 DataType loaded.
Aug 30, 2016 12:25:16 PM org.simplity.kernel.Tracer trace
INFO: 
Going to load components from D:\workspace\simplity\kernel\src\test\java\resources\comp\msg\myMessages.xml
Aug 30, 2016 12:25:16 PM org.simplity.kernel.Tracer trace
INFO: 
Going to load components from D:\workspace\simplity\kernel\src\test\java\resources\comp\msg\kernel.xml
Aug 30, 2016 12:25:16 PM org.simplity.kernel.Tracer trace
INFO: 
21 Message loaded.
Aug 30, 2016 12:25:16 PM org.simplity.kernel.Tracer trace
INFO: 
Going to load components from D:\workspace\simplity\kernel\src\test\java\resources\comp\fn\fn.xml
Aug 30, 2016 12:25:16 PM org.simplity.kernel.Tracer trace
INFO: 
1 Function loaded.
</system-err>
  </testcase>
</testsuite>