<?xml version="1.0" encoding="UTF-8" ?>
<testsuite tests="4" failures="0" name="org.simplity.kernel.util.test.XmlUtilTest" time="0.061" errors="0" skipped="0">
  <properties>
[...]
</properties>
  <testcase classname="org.simplity.kernel.util.test.XmlUtilTest" name="messageXmlToObject" time="0.027"/>
  <testcase classname="org.simplity.kernel.util.test.XmlUtilTest" name="storedProcXmlToObject" time="0.007"/>
  <testcase classname="org.simplity.kernel.util.test.XmlUtilTest" name="recordProcXmlToObject" time="0.011"/>
  <testcase classname="org.simplity.kernel.util.test.XmlUtilTest" name="serviceXmlToObject" time="0.016"/>
</testsuite>