<?xml version="1.0" encoding="UTF-8"?>
<testsuite xmlns:xsi="http://www.w3.org/2001/XMLSchema-instance" xsi:schemaLocation="https://maven.apache.org/surefire/maven-surefire-plugin/xsd/surefire-test-report.xsd" name="org.simplity.service.test.ActionsWithDBIT" time="3.03" tests="2" errors="2" skipped="0" failures="0">
  <properties>
[...]
</properties>
  <testcase name="setValueTest" classname="org.simplity.service.test.ActionsWithDBIT" time="1.909">
    <error message="java.net.ConnectException: Connection refused: connect&#10;java.net.ConnectException: Connection refused: connect&#10;Connection refused: connect&#10;" type="org.simplity.kernel.ApplicationError">org.simplity.kernel.ApplicationError: 
java.net.ConnectException: Connection refused: connect
java.net.ConnectException: Connection refused: connect
Connection refused: connect

	at org.simplity.service.test.ActionsWithDBIT.setUp(ActionsWithDBIT.java:94)
</error>
    <system-err><![CDATA[Aug 30, 2016 12:39:26 PM org.simplity.kernel.Tracer trace
INFO: 
component folder set to resources/comp/
Aug 30, 2016 12:39:26 PM org.simplity.kernel.Tracer trace
INFO: 
Going to load a component from resources/comp/applicationWithDB.xml
Aug 30, 2016 12:39:26 PM org.simplity.kernel.Tracer trace
INFO: 
dbVendor is set to HSQLDB
Aug 30, 2016 12:39:26 PM org.simplity.kernel.Tracer trace
INFO: 
Driver class name org.hsqldb.jdbc.JDBCDriver invoked successfully
Aug 30, 2016 12:39:27 PM org.simplity.kernel.Tracer trace
INFO: 
 Database set up using connection string failed after successfully setting the driver jdbc:hsqldb:hsql://localhost/memory:classicmodels
Aug 30, 2016 12:39:27 PM org.simplity.kernel.Tracer trace
INFO: 
java.sql.SQLTransientConnectionException: java.net.ConnectException: Connection refused: connect
	at org.hsqldb.jdbc.JDBCUtil.sqlException(Unknown Source)
	at org.hsqldb.jdbc.JDBCUtil.sqlException(Unknown Source)
	at org.hsqldb.jdbc.JDBCConnection.<init>(Unknown Source)
	at org.hsqldb.jdbc.JDBCDriver.getConnection(Unknown Source)
	at org.hsqldb.jdbc.JDBCDriver.connect(Unknown Source)
	at java.sql.DriverManager.getConnection(DriverManager.java:664)
	at java.sql.DriverManager.getConnection(DriverManager.java:270)
	at org.simplity.kernel.db.DbDriver.setConnection(DbDriver.java:360)
	at org.simplity.kernel.db.DbDriver.initialSetup(DbDriver.java:304)
	at org.simplity.kernel.Application.configure(Application.java:199)
	at org.simplity.service.test.ActionsWithDBIT.setUp(ActionsWithDBIT.java:94)
	at sun.reflect.NativeMethodAccessorImpl.invoke0(Native Method)
	at sun.reflect.NativeMethodAccessorImpl.invoke(NativeMethodAccessorImpl.java:62)
	at sun.reflect.DelegatingMethodAccessorImpl.invoke(DelegatingMethodAccessorImpl.java:43)
	at java.lang.reflect.Method.invoke(Method.java:497)
	at org.junit.runners.model.FrameworkMethod$1.runReflectiveCall(FrameworkMethod.java:45)
	at org.junit.internal.runners.model.ReflectiveCallable.run(ReflectiveCallable.java:15)
	at org.junit.runners.model.FrameworkMethod.invokeExplosively(FrameworkMethod.java:42)
	at org.junit.internal.runners.statements.RunBefores.evaluate(RunBefores.java:27)
	at org.junit.rules.ExpectedException$ExpectedExceptionStatement.evaluate(ExpectedException.java:110)
	at org.junit.rules.RunRules.evaluate(RunRules.java:18)
	at org.junit.runners.ParentRunner.runLeaf(ParentRunner.java:263)
	at org.junit.runners.BlockJUnit4ClassRunner.runChild(BlockJUnit4ClassRunner.java:68)
	at org.junit.runners.BlockJUnit4ClassRunner.runChild(BlockJUnit4ClassRunner.java:47)
	at org.junit.runners.ParentRunner$3.run(ParentRunner.java:231)
	at org.junit.runners.ParentRunner$1.schedule(ParentRunner.java:60)
	at org.junit.runners.ParentRunner.runChildren(ParentRunner.java:229)
	at org.junit.runners.ParentRunner.access$000(ParentRunner.java:50)
	at org.junit.runners.ParentRunner$2.evaluate(ParentRunner.java:222)
	at org.junit.runners.ParentRunner.run(ParentRunner.java:300)
	at org.apache.maven.surefire.junit4.JUnit4Provider.execute(JUnit4Provider.java:367)
	at org.apache.maven.surefire.junit4.JUnit4Provider.executeWithRerun(JUnit4Provider.java:274)
	at org.apache.maven.surefire.junit4.JUnit4Provider.executeTestSet(JUnit4Provider.java:238)
	at org.apache.maven.surefire.junit4.JUnit4Provider.invoke(JUnit4Provider.java:161)
	at org.apache.maven.surefire.booter.ForkedBooter.invokeProviderInSameClassLoader(ForkedBooter.java:290)
	at org.apache.maven.surefire.booter.ForkedBooter.runSuitesInProcess(ForkedBooter.java:242)
	at org.apache.maven.surefire.booter.ForkedBooter.main(ForkedBooter.java:121)
Caused by: org.hsqldb.HsqlException: java.net.ConnectException: Connection refused: connect
	at org.hsqldb.ClientConnection.openConnection(Unknown Source)
	at org.hsqldb.ClientConnection.initConnection(Unknown Source)
	at org.hsqldb.ClientConnection.<init>(Unknown Source)
	... 35 more
Caused by: java.net.ConnectException: Connection refused: connect
	at java.net.DualStackPlainSocketImpl.connect0(Native Method)
	at java.net.DualStackPlainSocketImpl.socketConnect(DualStackPlainSocketImpl.java:79)
	at java.net.AbstractPlainSocketImpl.doConnect(AbstractPlainSocketImpl.java:350)
	at java.net.AbstractPlainSocketImpl.connectToAddress(AbstractPlainSocketImpl.java:206)
	at java.net.AbstractPlainSocketImpl.connect(AbstractPlainSocketImpl.java:188)
	at java.net.PlainSocketImpl.connect(PlainSocketImpl.java:172)
	at java.net.SocksSocketImpl.connect(SocksSocketImpl.java:392)
	at java.net.Socket.connect(Socket.java:589)
	at java.net.Socket.connect(Socket.java:538)
	at java.net.Socket.<init>(Socket.java:434)
	at java.net.Socket.<init>(Socket.java:211)
	at org.hsqldb.server.HsqlSocketFactory.createSocket(Unknown Source)
	... 38 more

Aug 30, 2016 12:39:27 PM org.simplity.kernel.Tracer trace
INFO: 
java.net.ConnectException: Connection refused: connect
Aug 30, 2016 12:39:27 PM org.simplity.kernel.Tracer trace
INFO: 
java.net.ConnectException: Connection refused: connect
Aug 30, 2016 12:39:27 PM org.simplity.kernel.Tracer trace
INFO: 
java.net.ConnectException: Connection refused: connect
]]></system-err>
  </testcase>
  <testcase name="LogicTest" classname="org.simplity.service.test.ActionsWithDBIT" time="1.021">
    <error message="java.net.ConnectException: Connection refused: connect&#10;java.net.ConnectException: Connection refused: connect&#10;Connection refused: connect&#10;" type="org.simplity.kernel.ApplicationError">org.simplity.kernel.ApplicationError: 
java.net.ConnectException: Connection refused: connect
java.net.ConnectException: Connection refused: connect
Connection refused: connect

	at org.simplity.service.test.ActionsWithDBIT.setUp(ActionsWithDBIT.java:94)
</error>
    <system-err><![CDATA[Aug 30, 2016 12:39:27 PM org.simplity.kernel.Tracer trace
INFO: 
component folder set to resources/comp/
Aug 30, 2016 12:39:27 PM org.simplity.kernel.Tracer trace
INFO: 
Going to load a component from resources/comp/applicationWithDB.xml
Aug 30, 2016 12:39:27 PM org.simplity.kernel.Tracer trace
INFO: 
dbVendor is set to HSQLDB
Aug 30, 2016 12:39:27 PM org.simplity.kernel.Tracer trace
INFO: 
Driver class name org.hsqldb.jdbc.JDBCDriver invoked successfully
Aug 30, 2016 12:39:28 PM org.simplity.kernel.Tracer trace
INFO: 
 Database set up using connection string failed after successfully setting the driver jdbc:hsqldb:hsql://localhost/memory:classicmodels
Aug 30, 2016 12:39:28 PM org.simplity.kernel.Tracer trace
INFO: 
java.sql.SQLTransientConnectionException: java.net.ConnectException: Connection refused: connect
	at org.hsqldb.jdbc.JDBCUtil.sqlException(Unknown Source)
	at org.hsqldb.jdbc.JDBCUtil.sqlException(Unknown Source)
	at org.hsqldb.jdbc.JDBCConnection.<init>(Unknown Source)
	at org.hsqldb.jdbc.JDBCDriver.getConnection(Unknown Source)
	at org.hsqldb.jdbc.JDBCDriver.connect(Unknown Source)
	at java.sql.DriverManager.getConnection(DriverManager.java:664)
	at java.sql.DriverManager.getConnection(DriverManager.java:270)
	at org.simplity.kernel.db.DbDriver.setConnection(DbDriver.java:360)
	at org.simplity.kernel.db.DbDriver.initialSetup(DbDriver.java:304)
	at org.simplity.kernel.Application.configure(Application.java:199)
	at org.simplity.service.test.ActionsWithDBIT.setUp(ActionsWithDBIT.java:94)
	at sun.reflect.NativeMethodAccessorImpl.invoke0(Native Method)
	at sun.reflect.NativeMethodAccessorImpl.invoke(NativeMethodAccessorImpl.java:62)
	at sun.reflect.DelegatingMethodAccessorImpl.invoke(DelegatingMethodAccessorImpl.java:43)
	at java.lang.reflect.Method.invoke(Method.java:497)
	at org.junit.runners.model.FrameworkMethod$1.runReflectiveCall(FrameworkMethod.java:45)
	at org.junit.internal.runners.model.ReflectiveCallable.run(ReflectiveCallable.java:15)
	at org.junit.runners.model.FrameworkMethod.invokeExplosively(FrameworkMethod.java:42)
	at org.junit.internal.runners.statements.RunBefores.evaluate(RunBefores.java:27)
	at org.junit.rules.ExpectedException$ExpectedExceptionStatement.evaluate(ExpectedException.java:110)
	at org.junit.rules.RunRules.evaluate(RunRules.java:18)
	at org.junit.runners.ParentRunner.runLeaf(ParentRunner.java:263)
	at org.junit.runners.BlockJUnit4ClassRunner.runChild(BlockJUnit4ClassRunner.java:68)
	at org.junit.runners.BlockJUnit4ClassRunner.runChild(BlockJUnit4ClassRunner.java:47)
	at org.junit.runners.ParentRunner$3.run(ParentRunner.java:231)
	at org.junit.runners.ParentRunner$1.schedule(ParentRunner.java:60)
	at org.junit.runners.ParentRunner.runChildren(ParentRunner.java:229)
	at org.junit.runners.ParentRunner.access$000(ParentRunner.java:50)
	at org.junit.runners.ParentRunner$2.evaluate(ParentRunner.java:222)
	at org.junit.runners.ParentRunner.run(ParentRunner.java:300)
	at org.apache.maven.surefire.junit4.JUnit4Provider.execute(JUnit4Provider.java:367)
	at org.apache.maven.surefire.junit4.JUnit4Provider.executeWithRerun(JUnit4Provider.java:274)
	at org.apache.maven.surefire.junit4.JUnit4Provider.executeTestSet(JUnit4Provider.java:238)
	at org.apache.maven.surefire.junit4.JUnit4Provider.invoke(JUnit4Provider.java:161)
	at org.apache.maven.surefire.booter.ForkedBooter.invokeProviderInSameClassLoader(ForkedBooter.java:290)
	at org.apache.maven.surefire.booter.ForkedBooter.runSuitesInProcess(ForkedBooter.java:242)
	at org.apache.maven.surefire.booter.ForkedBooter.main(ForkedBooter.java:121)
Caused by: org.hsqldb.HsqlException: java.net.ConnectException: Connection refused: connect
	at org.hsqldb.ClientConnection.openConnection(Unknown Source)
	at org.hsqldb.ClientConnection.initConnection(Unknown Source)
	at org.hsqldb.ClientConnection.<init>(Unknown Source)
	... 35 more
Caused by: java.net.ConnectException: Connection refused: connect
	at java.net.DualStackPlainSocketImpl.connect0(Native Method)
	at java.net.DualStackPlainSocketImpl.socketConnect(DualStackPlainSocketImpl.java:79)
	at java.net.AbstractPlainSocketImpl.doConnect(AbstractPlainSocketImpl.java:350)
	at java.net.AbstractPlainSocketImpl.connectToAddress(AbstractPlainSocketImpl.java:206)
	at java.net.AbstractPlainSocketImpl.connect(AbstractPlainSocketImpl.java:188)
	at java.net.PlainSocketImpl.connect(PlainSocketImpl.java:172)
	at java.net.SocksSocketImpl.connect(SocksSocketImpl.java:392)
	at java.net.Socket.connect(Socket.java:589)
	at java.net.Socket.connect(Socket.java:538)
	at java.net.Socket.<init>(Socket.java:434)
	at java.net.Socket.<init>(Socket.java:211)
	at org.hsqldb.server.HsqlSocketFactory.createSocket(Unknown Source)
	... 38 more

Aug 30, 2016 12:39:28 PM org.simplity.kernel.Tracer trace
INFO: 
java.net.ConnectException: Connection refused: connect
Aug 30, 2016 12:39:28 PM org.simplity.kernel.Tracer trace
INFO: 
java.net.ConnectException: Connection refused: connect
Aug 30, 2016 12:39:28 PM org.simplity.kernel.Tracer trace
INFO: 
java.net.ConnectException: Connection refused: connect
]]></system-err>
  </testcase>
</testsuite>